[INFO][2023-04-24 23:05:02][config.py:19] - [INIT] load config: {'open_ai_api_key': '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', 'model': 'gpt-3.5-turbo', 'proxy': '10.30.0.170:47890', 'single_chat_prefix': ['/', '//'], 'single_chat_reply_prefix': '[é¸­å‹ƒ] ', 'group_chat_prefix': ['/'], 'group_name_white_list': ['ALL_GROUP'], 'image_create_prefix': ['sdfsafsdfasdfsdfasdf'], 'speech_recognition': True, 'voice_reply_voice': False, 'conversation_max_tokens': 1024, 'expires_in_seconds': 3600, 'character_desc': 'ä½ æ˜¯ChatGPT, ä¸€ä¸ªç”±OpenAIè®­ç»ƒçš„å¤§å‹è¯­è¨€æ¨¡å‹, ä½ æ—¨åœ¨å›ç­”å¹¶è§£å†³äººä»¬çš„ä»»ä½•é—®é¢˜ï¼Œä½¿ç”¨ä¸­æ–‡ä¸äººäº¤æµã€‚åœ¨é‡åˆ°ç¼–ç¨‹é—®é¢˜æ—¶ä¼šç»™å‡ºå…·ä½“çš„demo'}
â–ˆ                                                  â–ˆâ–ˆâ–ˆâ–ˆâ–ˆâ–ˆâ–ˆâ–ˆâ–ˆâ–ˆâ–ˆâ–ˆâ–ˆâ–ˆâ–ˆâ–ˆâ–ˆâ–ˆâ–ˆâ–ˆâ–ˆâ–ˆâ–ˆâ–ˆâ–ˆâ–ˆâ–ˆâ–ˆâ–ˆâ–ˆâ–ˆâ–ˆâ–ˆâ–ˆâ–ˆâ–ˆâ–ˆâ–ˆâ–ˆâ–ˆâ–ˆâ–ˆâ–ˆâ–ˆâ–ˆâ–ˆâ–ˆâ–ˆâ–ˆâ–ˆâ–ˆâ–ˆâ–ˆâ–ˆâ–ˆâ–ˆâ–ˆâ–ˆâ–ˆâ–ˆâ–ˆâ–ˆâ–ˆâ–ˆâ–ˆâ–ˆâ–ˆâ–ˆâ–ˆâ–ˆâ–ˆâ–ˆâ–ˆâ–ˆâ–ˆâ–ˆâ–ˆâ–ˆ
â–ˆâ–ˆ              â–ˆâ–ˆâ–ˆâ–ˆ      â–ˆâ–ˆ    â–ˆâ–ˆâ–ˆâ–ˆâ–ˆâ–ˆ  â–ˆâ–ˆ    â–ˆâ–ˆâ–ˆâ–ˆ  â–ˆâ–ˆ  â–ˆâ–ˆâ–ˆâ–ˆâ–ˆâ–ˆ              â–ˆâ–ˆ
â–ˆâ–ˆ  â–ˆâ–ˆâ–ˆâ–ˆâ–ˆâ–ˆâ–ˆâ–ˆâ–ˆâ–ˆ  â–ˆâ–ˆâ–ˆâ–ˆ  â–ˆâ–ˆâ–ˆâ–ˆ      â–ˆâ–ˆâ–ˆâ–ˆâ–ˆâ–ˆâ–ˆâ–ˆ  â–ˆâ–ˆâ–ˆâ–ˆ  â–ˆâ–ˆâ–ˆâ–ˆ  â–ˆâ–ˆâ–ˆâ–ˆâ–ˆâ–ˆâ–ˆâ–ˆ  â–ˆâ–ˆâ–ˆâ–ˆâ–ˆâ–ˆâ–ˆâ–ˆâ–ˆâ–ˆ  â–ˆâ–ˆ
â–ˆâ–ˆ  â–ˆâ–ˆ      â–ˆâ–ˆ  â–ˆâ–ˆ        â–ˆâ–ˆâ–ˆâ–ˆ      â–ˆâ–ˆ  â–ˆâ–ˆ      â–ˆâ–ˆâ–ˆâ–ˆ  â–ˆâ–ˆ    â–ˆâ–ˆ  â–ˆâ–ˆ      â–ˆâ–ˆ  â–ˆâ–ˆ
â–ˆâ–ˆ  â–ˆâ–ˆ      â–ˆâ–ˆ  â–ˆâ–ˆ  â–ˆâ–ˆ    â–ˆâ–ˆâ–ˆâ–ˆ    â–ˆâ–ˆ  â–ˆâ–ˆ    â–ˆâ–ˆ  â–ˆâ–ˆâ–ˆâ–ˆ        â–ˆâ–ˆ  â–ˆâ–ˆ      â–ˆâ–ˆ  â–ˆâ–ˆ
â–ˆâ–ˆ  â–ˆâ–ˆ      â–ˆâ–ˆ  â–ˆâ–ˆâ–ˆâ–ˆ  â–ˆâ–ˆâ–ˆâ–ˆ  â–ˆâ–ˆâ–ˆâ–ˆâ–ˆâ–ˆ  â–ˆâ–ˆ  â–ˆâ–ˆâ–ˆâ–ˆ      â–ˆâ–ˆ    â–ˆâ–ˆâ–ˆâ–ˆâ–ˆâ–ˆ  â–ˆâ–ˆ      â–ˆâ–ˆ  â–ˆâ–ˆ
â–ˆâ–ˆ  â–ˆâ–ˆâ–ˆâ–ˆâ–ˆâ–ˆâ–ˆâ–ˆâ–ˆâ–ˆ  â–ˆâ–ˆâ–ˆâ–ˆâ–ˆâ–ˆ    â–ˆâ–ˆ  â–ˆâ–ˆ  â–ˆâ–ˆ  â–ˆâ–ˆ    â–ˆâ–ˆâ–ˆâ–ˆ  â–ˆâ–ˆâ–ˆâ–ˆ  â–ˆâ–ˆâ–ˆâ–ˆâ–ˆâ–ˆ  â–ˆâ–ˆâ–ˆâ–ˆâ–ˆâ–ˆâ–ˆâ–ˆâ–ˆâ–ˆ  â–ˆâ–ˆ
â–ˆâ–ˆ              â–ˆâ–ˆ  â–ˆâ–ˆ  â–ˆâ–ˆ  â–ˆâ–ˆ  â–ˆâ–ˆ  â–ˆâ–ˆ  â–ˆâ–ˆ  â–ˆâ–ˆ  â–ˆâ–ˆ  â–ˆâ–ˆ  â–ˆâ–ˆ  â–ˆâ–ˆ              â–ˆâ–ˆ
â–ˆâ–ˆâ–ˆâ–ˆâ–ˆâ–ˆâ–ˆâ–ˆâ–ˆâ–ˆâ–ˆâ–ˆâ–ˆâ–ˆâ–ˆâ–ˆâ–ˆâ–ˆâ–ˆâ–ˆ  â–ˆâ–ˆâ–ˆâ–ˆâ–ˆâ–ˆâ–ˆâ–ˆ      â–ˆâ–ˆâ–ˆâ–ˆâ–ˆâ–ˆ    â–ˆâ–ˆâ–ˆâ–ˆ    â–ˆâ–ˆ    â–ˆâ–ˆâ–ˆâ–ˆâ–ˆâ–ˆâ–ˆâ–ˆâ–ˆâ–ˆâ–ˆâ–ˆâ–ˆâ–ˆâ–ˆâ–ˆâ–ˆâ–ˆ
â–ˆâ–ˆâ–ˆâ–ˆâ–ˆâ–ˆâ–ˆâ–ˆ    â–ˆâ–ˆ    â–ˆâ–ˆ    â–ˆâ–ˆâ–ˆâ–ˆâ–ˆâ–ˆ  â–ˆâ–ˆâ–ˆâ–ˆâ–ˆâ–ˆâ–ˆâ–ˆâ–ˆâ–ˆâ–ˆâ–ˆâ–ˆâ–ˆâ–ˆâ–ˆ  â–ˆâ–ˆâ–ˆâ–ˆâ–ˆâ–ˆâ–ˆâ–ˆâ–ˆâ–ˆâ–ˆâ–ˆâ–ˆâ–ˆâ–ˆâ–ˆâ–ˆâ–ˆ    â–ˆâ–ˆâ–ˆâ–ˆâ–ˆâ–ˆ
â–ˆâ–ˆâ–ˆâ–ˆ  â–ˆâ–ˆâ–ˆâ–ˆ    â–ˆâ–ˆ      â–ˆâ–ˆâ–ˆâ–ˆâ–ˆâ–ˆâ–ˆâ–ˆâ–ˆâ–ˆ      â–ˆâ–ˆâ–ˆâ–ˆ      â–ˆâ–ˆ    â–ˆâ–ˆ    â–ˆâ–ˆ      â–ˆâ–ˆâ–ˆâ–ˆ  â–ˆâ–ˆâ–ˆâ–ˆ
â–ˆâ–ˆâ–ˆâ–ˆ  â–ˆâ–ˆ  â–ˆâ–ˆâ–ˆâ–ˆ  â–ˆâ–ˆ    â–ˆâ–ˆ    â–ˆâ–ˆ    â–ˆâ–ˆ    â–ˆâ–ˆâ–ˆâ–ˆ          â–ˆâ–ˆ        â–ˆâ–ˆ  â–ˆâ–ˆ  â–ˆâ–ˆ  â–ˆâ–ˆ
â–ˆâ–ˆâ–ˆâ–ˆ    â–ˆâ–ˆ    â–ˆâ–ˆ  â–ˆâ–ˆâ–ˆâ–ˆ    â–ˆâ–ˆ  â–ˆâ–ˆ  â–ˆâ–ˆâ–ˆâ–ˆ    â–ˆâ–ˆ  â–ˆâ–ˆâ–ˆâ–ˆ  â–ˆâ–ˆ  â–ˆâ–ˆ      â–ˆâ–ˆâ–ˆâ–ˆâ–ˆâ–ˆ  â–ˆâ–ˆ  â–ˆâ–ˆ
â–ˆâ–ˆ  â–ˆâ–ˆ      â–ˆâ–ˆ        â–ˆâ–ˆ  â–ˆâ–ˆâ–ˆâ–ˆâ–ˆâ–ˆâ–ˆâ–ˆâ–ˆâ–ˆâ–ˆâ–ˆâ–ˆâ–ˆ    â–ˆâ–ˆâ–ˆâ–ˆ  â–ˆâ–ˆâ–ˆâ–ˆâ–ˆâ–ˆ    â–ˆâ–ˆ    â–ˆâ–ˆ  â–ˆâ–ˆ    â–ˆâ–ˆ
â–ˆâ–ˆâ–ˆâ–ˆâ–ˆâ–ˆâ–ˆâ–ˆâ–ˆâ–ˆ    â–ˆâ–ˆ    â–ˆâ–ˆâ–ˆâ–ˆ      â–ˆâ–ˆ            â–ˆâ–ˆ    â–ˆâ–ˆâ–ˆâ–ˆ        â–ˆâ–ˆâ–ˆâ–ˆ  â–ˆâ–ˆ  â–ˆâ–ˆâ–ˆâ–ˆâ–ˆâ–ˆ
â–ˆâ–ˆâ–ˆâ–ˆâ–ˆâ–ˆâ–ˆâ–ˆ    â–ˆâ–ˆ    â–ˆâ–ˆâ–ˆâ–ˆâ–ˆâ–ˆ  â–ˆâ–ˆâ–ˆâ–ˆ  â–ˆâ–ˆâ–ˆâ–ˆâ–ˆâ–ˆâ–ˆâ–ˆâ–ˆâ–ˆ    â–ˆâ–ˆâ–ˆâ–ˆâ–ˆâ–ˆ  â–ˆâ–ˆ  â–ˆâ–ˆ    â–ˆâ–ˆ          â–ˆâ–ˆ
â–ˆâ–ˆ  â–ˆâ–ˆ        â–ˆâ–ˆâ–ˆâ–ˆ  â–ˆâ–ˆ  â–ˆâ–ˆ  â–ˆâ–ˆâ–ˆâ–ˆ  â–ˆâ–ˆ    â–ˆâ–ˆ  â–ˆâ–ˆ  â–ˆâ–ˆâ–ˆâ–ˆâ–ˆâ–ˆâ–ˆâ–ˆ  â–ˆâ–ˆ  â–ˆâ–ˆâ–ˆâ–ˆ        â–ˆâ–ˆâ–ˆâ–ˆ
â–ˆâ–ˆâ–ˆâ–ˆâ–ˆâ–ˆ    â–ˆâ–ˆ            â–ˆâ–ˆâ–ˆâ–ˆ      â–ˆâ–ˆâ–ˆâ–ˆ  â–ˆâ–ˆ        â–ˆâ–ˆ  â–ˆâ–ˆâ–ˆâ–ˆ  â–ˆâ–ˆ    â–ˆâ–ˆâ–ˆâ–ˆ  â–ˆâ–ˆ  â–ˆâ–ˆ
â–ˆâ–ˆ        â–ˆâ–ˆ  â–ˆâ–ˆâ–ˆâ–ˆâ–ˆâ–ˆ    â–ˆâ–ˆâ–ˆâ–ˆâ–ˆâ–ˆ    â–ˆâ–ˆâ–ˆâ–ˆâ–ˆâ–ˆâ–ˆâ–ˆâ–ˆâ–ˆâ–ˆâ–ˆâ–ˆâ–ˆ      â–ˆâ–ˆ  â–ˆâ–ˆ  â–ˆâ–ˆ  â–ˆâ–ˆâ–ˆâ–ˆâ–ˆâ–ˆ  â–ˆâ–ˆâ–ˆâ–ˆ
â–ˆâ–ˆ      â–ˆâ–ˆ  â–ˆâ–ˆ    â–ˆâ–ˆ  â–ˆâ–ˆâ–ˆâ–ˆ        â–ˆâ–ˆ          â–ˆâ–ˆâ–ˆâ–ˆ  â–ˆâ–ˆâ–ˆâ–ˆ  â–ˆâ–ˆâ–ˆâ–ˆâ–ˆâ–ˆ  â–ˆâ–ˆâ–ˆâ–ˆ  â–ˆâ–ˆ  â–ˆâ–ˆ
â–ˆâ–ˆâ–ˆâ–ˆ  â–ˆâ–ˆ  â–ˆâ–ˆâ–ˆâ–ˆâ–ˆâ–ˆ  â–ˆâ–ˆ  â–ˆâ–ˆâ–ˆâ–ˆâ–ˆâ–ˆ  â–ˆâ–ˆ  â–ˆâ–ˆ      â–ˆâ–ˆ    â–ˆâ–ˆ    â–ˆâ–ˆâ–ˆâ–ˆâ–ˆâ–ˆ  â–ˆâ–ˆâ–ˆâ–ˆâ–ˆâ–ˆ  â–ˆâ–ˆâ–ˆâ–ˆâ–ˆâ–ˆâ–ˆâ–ˆ
â–ˆâ–ˆ  â–ˆâ–ˆâ–ˆâ–ˆ  â–ˆâ–ˆ            â–ˆâ–ˆâ–ˆâ–ˆ        â–ˆâ–ˆâ–ˆâ–ˆâ–ˆâ–ˆ  â–ˆâ–ˆ          â–ˆâ–ˆ      â–ˆâ–ˆ    â–ˆâ–ˆâ–ˆâ–ˆâ–ˆâ–ˆâ–ˆâ–ˆ
â–ˆâ–ˆ    â–ˆâ–ˆâ–ˆâ–ˆâ–ˆâ–ˆâ–ˆâ–ˆâ–ˆâ–ˆ  â–ˆâ–ˆ        â–ˆâ–ˆâ–ˆâ–ˆ    â–ˆâ–ˆâ–ˆâ–ˆ  â–ˆâ–ˆâ–ˆâ–ˆâ–ˆâ–ˆâ–ˆâ–ˆ    â–ˆâ–ˆ    â–ˆâ–ˆâ–ˆâ–ˆ    â–ˆâ–ˆ  â–ˆâ–ˆâ–ˆâ–ˆâ–ˆâ–ˆ
â–ˆâ–ˆ      â–ˆâ–ˆ  â–ˆâ–ˆ  â–ˆâ–ˆâ–ˆâ–ˆ  â–ˆâ–ˆ  â–ˆâ–ˆâ–ˆâ–ˆâ–ˆâ–ˆ  â–ˆâ–ˆâ–ˆâ–ˆâ–ˆâ–ˆâ–ˆâ–ˆâ–ˆâ–ˆ  â–ˆâ–ˆâ–ˆâ–ˆ  â–ˆâ–ˆâ–ˆâ–ˆ  â–ˆâ–ˆ  â–ˆâ–ˆâ–ˆâ–ˆ  â–ˆâ–ˆâ–ˆâ–ˆâ–ˆâ–ˆ  â–ˆâ–ˆ
â–ˆâ–ˆ  â–ˆâ–ˆ        â–ˆâ–ˆ      â–ˆâ–ˆ  â–ˆâ–ˆ  â–ˆâ–ˆ    â–ˆâ–ˆâ–ˆâ–ˆâ–ˆâ–ˆ  â–ˆâ–ˆâ–ˆâ–ˆ    â–ˆâ–ˆ      â–ˆâ–ˆâ–ˆâ–ˆ  â–ˆâ–ˆâ–ˆâ–ˆ      â–ˆâ–ˆ
â–ˆâ–ˆâ–ˆâ–ˆâ–ˆâ–ˆ    â–ˆâ–ˆ    â–ˆâ–ˆâ–ˆâ–ˆâ–ˆâ–ˆâ–ˆâ–ˆâ–ˆâ–ˆ    â–ˆâ–ˆâ–ˆâ–ˆâ–ˆâ–ˆâ–ˆâ–ˆ  â–ˆâ–ˆ  â–ˆâ–ˆâ–ˆâ–ˆâ–ˆâ–ˆâ–ˆâ–ˆ    â–ˆâ–ˆ      â–ˆâ–ˆâ–ˆâ–ˆ  â–ˆâ–ˆâ–ˆâ–ˆâ–ˆâ–ˆâ–ˆâ–ˆ
â–ˆâ–ˆ  â–ˆâ–ˆ    â–ˆâ–ˆâ–ˆâ–ˆâ–ˆâ–ˆâ–ˆâ–ˆ  â–ˆâ–ˆ    â–ˆâ–ˆâ–ˆâ–ˆâ–ˆâ–ˆ      â–ˆâ–ˆ        â–ˆâ–ˆ  â–ˆâ–ˆ  â–ˆâ–ˆ  â–ˆâ–ˆâ–ˆâ–ˆ          â–ˆâ–ˆâ–ˆâ–ˆ
â–ˆâ–ˆ    â–ˆâ–ˆâ–ˆâ–ˆâ–ˆâ–ˆ      â–ˆâ–ˆ  â–ˆâ–ˆâ–ˆâ–ˆâ–ˆâ–ˆ  â–ˆâ–ˆ    â–ˆâ–ˆ      â–ˆâ–ˆ  â–ˆâ–ˆâ–ˆâ–ˆ      â–ˆâ–ˆâ–ˆâ–ˆ  â–ˆâ–ˆ  â–ˆâ–ˆ      â–ˆâ–ˆ
â–ˆâ–ˆ  â–ˆâ–ˆâ–ˆâ–ˆ    â–ˆâ–ˆâ–ˆâ–ˆâ–ˆâ–ˆâ–ˆâ–ˆ  â–ˆâ–ˆâ–ˆâ–ˆ  â–ˆâ–ˆâ–ˆâ–ˆâ–ˆâ–ˆ  â–ˆâ–ˆ  â–ˆâ–ˆâ–ˆâ–ˆ    â–ˆâ–ˆ  â–ˆâ–ˆ  â–ˆâ–ˆâ–ˆâ–ˆ  â–ˆâ–ˆâ–ˆâ–ˆ      â–ˆâ–ˆâ–ˆâ–ˆâ–ˆâ–ˆ
â–ˆâ–ˆ  â–ˆâ–ˆâ–ˆâ–ˆ  â–ˆâ–ˆâ–ˆâ–ˆ            â–ˆâ–ˆâ–ˆâ–ˆ      â–ˆâ–ˆ      â–ˆâ–ˆ        â–ˆâ–ˆâ–ˆâ–ˆ          â–ˆâ–ˆâ–ˆâ–ˆâ–ˆâ–ˆâ–ˆâ–ˆâ–ˆâ–ˆ
â–ˆâ–ˆâ–ˆâ–ˆâ–ˆâ–ˆâ–ˆâ–ˆâ–ˆâ–ˆâ–ˆâ–ˆâ–ˆâ–ˆâ–ˆâ–ˆâ–ˆâ–ˆ  â–ˆâ–ˆ      â–ˆâ–ˆâ–ˆâ–ˆ  â–ˆâ–ˆâ–ˆâ–ˆâ–ˆâ–ˆâ–ˆâ–ˆâ–ˆâ–ˆ  â–ˆâ–ˆâ–ˆâ–ˆâ–ˆâ–ˆ  â–ˆâ–ˆâ–ˆâ–ˆ  â–ˆâ–ˆâ–ˆâ–ˆâ–ˆâ–ˆ        â–ˆâ–ˆâ–ˆâ–ˆ
â–ˆâ–ˆ              â–ˆâ–ˆ  â–ˆâ–ˆâ–ˆâ–ˆ    â–ˆâ–ˆ    â–ˆâ–ˆ    â–ˆâ–ˆâ–ˆâ–ˆâ–ˆâ–ˆâ–ˆâ–ˆ    â–ˆâ–ˆâ–ˆâ–ˆâ–ˆâ–ˆ  â–ˆâ–ˆ  â–ˆâ–ˆ      â–ˆâ–ˆ  â–ˆâ–ˆ
â–ˆâ–ˆ  â–ˆâ–ˆâ–ˆâ–ˆâ–ˆâ–ˆâ–ˆâ–ˆâ–ˆâ–ˆ  â–ˆâ–ˆâ–ˆâ–ˆâ–ˆâ–ˆâ–ˆâ–ˆâ–ˆâ–ˆâ–ˆâ–ˆ    â–ˆâ–ˆâ–ˆâ–ˆâ–ˆâ–ˆ  â–ˆâ–ˆâ–ˆâ–ˆ  â–ˆâ–ˆ        â–ˆâ–ˆ  â–ˆâ–ˆâ–ˆâ–ˆâ–ˆâ–ˆ    â–ˆâ–ˆ  â–ˆâ–ˆâ–ˆâ–ˆ
â–ˆâ–ˆ  â–ˆâ–ˆ      â–ˆâ–ˆ  â–ˆâ–ˆ  â–ˆâ–ˆ  â–ˆâ–ˆâ–ˆâ–ˆ    â–ˆâ–ˆ      â–ˆâ–ˆ  â–ˆâ–ˆâ–ˆâ–ˆâ–ˆâ–ˆ  â–ˆâ–ˆâ–ˆâ–ˆ            â–ˆâ–ˆâ–ˆâ–ˆ  â–ˆâ–ˆâ–ˆâ–ˆ
â–ˆâ–ˆ  â–ˆâ–ˆ      â–ˆâ–ˆ  â–ˆâ–ˆ  â–ˆâ–ˆ  â–ˆâ–ˆâ–ˆâ–ˆ  â–ˆâ–ˆâ–ˆâ–ˆâ–ˆâ–ˆ  â–ˆâ–ˆâ–ˆâ–ˆ    â–ˆâ–ˆâ–ˆâ–ˆâ–ˆâ–ˆ        â–ˆâ–ˆ  â–ˆâ–ˆâ–ˆâ–ˆ  â–ˆâ–ˆâ–ˆâ–ˆâ–ˆâ–ˆâ–ˆâ–ˆ
â–ˆâ–ˆ  â–ˆâ–ˆ      â–ˆâ–ˆ  â–ˆâ–ˆâ–ˆâ–ˆ  â–ˆâ–ˆâ–ˆâ–ˆâ–ˆâ–ˆ  â–ˆâ–ˆâ–ˆâ–ˆ    â–ˆâ–ˆâ–ˆâ–ˆâ–ˆâ–ˆ  â–ˆâ–ˆâ–ˆâ–ˆ  â–ˆâ–ˆ  â–ˆâ–ˆ  â–ˆâ–ˆâ–ˆâ–ˆ            â–ˆâ–ˆ
â–ˆâ–ˆ  â–ˆâ–ˆâ–ˆâ–ˆâ–ˆâ–ˆâ–ˆâ–ˆâ–ˆâ–ˆ  â–ˆâ–ˆâ–ˆâ–ˆâ–ˆâ–ˆ  â–ˆâ–ˆâ–ˆâ–ˆâ–ˆâ–ˆ  â–ˆâ–ˆâ–ˆâ–ˆâ–ˆâ–ˆ  â–ˆâ–ˆâ–ˆâ–ˆ  â–ˆâ–ˆâ–ˆâ–ˆâ–ˆâ–ˆâ–ˆâ–ˆ  â–ˆâ–ˆâ–ˆâ–ˆâ–ˆâ–ˆ  â–ˆâ–ˆ  â–ˆâ–ˆ      â–ˆâ–ˆ
â–ˆâ–ˆ              â–ˆâ–ˆâ–ˆâ–ˆ  â–ˆâ–ˆ    â–ˆâ–ˆ  â–ˆâ–ˆ    â–ˆâ–ˆ  â–ˆâ–ˆâ–ˆâ–ˆ  â–ˆâ–ˆ  â–ˆâ–ˆâ–ˆâ–ˆâ–ˆâ–ˆ  â–ˆâ–ˆ  â–ˆâ–ˆâ–ˆâ–ˆ  â–ˆâ–ˆâ–ˆâ–ˆ  â–ˆâ–ˆ
â–ˆâ–ˆâ–ˆâ–ˆâ–ˆâ–ˆâ–ˆâ–ˆâ–ˆâ–ˆâ–ˆâ–ˆâ–ˆâ–ˆâ–ˆâ–ˆâ–ˆâ–ˆâ–ˆâ–ˆâ–ˆâ–ˆâ–ˆâ–ˆâ–ˆâ–ˆâ–ˆâ–ˆâ–ˆâ–ˆâ–ˆâ–ˆâ–ˆâ–ˆâ–ˆâ–ˆâ–ˆâ–ˆâ–ˆâ–ˆâ–ˆâ–ˆâ–ˆâ–ˆâ–ˆâ–ˆâ–ˆâ–ˆâ–ˆâ–ˆâ–ˆâ–ˆâ–ˆâ–ˆâ–ˆâ–ˆâ–ˆâ–ˆâ–ˆâ–ˆâ–ˆâ–ˆâ–ˆâ–ˆâ–ˆâ–ˆâ–ˆâ–ˆâ–ˆâ–ˆâ–ˆâ–ˆâ–ˆâ–ˆâ–ˆâ–ˆâ–ˆâ–ˆ
[H[2J[3J[INFO][2023-04-25 11:33:16][chat_gpt_bot.py:33] - [OPEN_AI] query=åœ¨å—
[INFO][2023-04-25 11:33:19][wechat_channel.py:146] - [WX] sendMsg=[é¸­å‹ƒ] æ˜¯çš„ï¼Œæˆ‘åœ¨ã€‚æœ‰ä»€ä¹ˆæˆ‘å¯ä»¥å¸®åŠ©æ‚¨çš„é—®é¢˜å—ï¼Ÿ, receiver=@8d3cfb886ae42cb44949a48a60e87d5ba92554499f7548a6103ccff0cd7a7937
[INFO][2023-04-25 11:35:17][chat_gpt_bot.py:33] - [OPEN_AI] query=åœ¨ä½¿ç”¨stlå®¹å™¨æ—¶ ä¾‹å¦‚set<data> å¦‚æœè¿›è¡Œ å®¹å™¨ä¹‹é—´çš„å¤åˆ¶æ“ä½œ è¦æ³¨æ„ä»€ä¹ˆ
[INFO][2023-04-25 11:35:45][wechat_channel.py:146] - [WX] sendMsg=[é¸­å‹ƒ] åœ¨è¿›è¡ŒSTLå®¹å™¨ä¹‹é—´çš„å¤åˆ¶æ“ä½œæ—¶ï¼Œéœ€è¦æ³¨æ„ä»¥ä¸‹å‡ ç‚¹ï¼š

1. å®¹å™¨ç±»å‹å’Œå…ƒç´ ç±»å‹å¿…é¡»ç›¸åŒï¼Œå¦åˆ™æ— æ³•è¿›è¡Œå¤åˆ¶æ“ä½œã€‚æ¯”å¦‚ï¼Œset<Data> ä¸èƒ½ç›´æ¥èµ‹å€¼ç»™ vector<Data>ã€‚

2. å¦‚æœå®¹å™¨ä¸­å­˜å‚¨çš„æ˜¯æŒ‡é’ˆç±»å‹ï¼Œéœ€è¦æ³¨æ„å¤åˆ¶åæŒ‡é’ˆæ‰€æŒ‡å‘çš„åœ°å€æ˜¯å¦ä¼šè¢«å¤šä¸ªå®¹å™¨å…±äº«ï¼Œå¦‚æœä¼šè¢«å…±äº«ï¼Œå°±è¦ä¿è¯å…±äº«çš„å®¹å™¨çš„ç”Ÿå‘½å‘¨æœŸä¸èƒ½æ—©äºæŒ‡é’ˆå¯¹è±¡çš„ç”Ÿå‘½å‘¨æœŸï¼Œå¦åˆ™å°±ä¼šå‡ºç°é‡æŒ‡é’ˆé—®é¢˜ã€‚

3. å¯¹äºå¤æ‚ç±»å‹ï¼ŒåŒ…å«è‡ªå®šä¹‰çš„æ„é€ å‡½æ•°ã€ææ„å‡½æ•°ã€æ‹·è´æ„é€ å‡½æ•°ç­‰å‡½æ•°ï¼Œéœ€è¦é‡è½½è¿™äº›å‡½æ•°ï¼Œä»¥ä¿è¯å¤åˆ¶æ—¶çš„æ­£ç¡®æ€§ã€‚

4. åœ¨è¿›è¡Œå®¹å™¨å¤åˆ¶æ“ä½œæ—¶ï¼Œéœ€è¦æ³¨æ„ç›®æ ‡å®¹å™¨çš„å¤§å°æ˜¯å¦è¶³å¤Ÿå®¹çº³æºå®¹å™¨ä¸­çš„æ‰€æœ‰å…ƒç´ ï¼Œå¦åˆ™ä¼šå¯¼è‡´å†…å­˜æ³„æ¼æˆ–å´©æºƒã€‚

ä¸‹é¢æ˜¯ä¸€ä¸ªå…·ä½“çš„ç¤ºä¾‹ï¼Œæ¼”ç¤ºäº†å¦‚ä½•å°†ä¸€ä¸ªsetå¤åˆ¶åˆ°å¦ä¸€ä¸ªsetä¸­ï¼š

```c++
#include <iostream>
#include <set>

using namespace std;

int main() {
    set<int> s1 {1, 2, 3, 4, 5};
    set<int> s2;

    // ä½¿ç”¨èµ‹å€¼æ“ä½œç¬¦å°†s1å¤åˆ¶åˆ°s2ä¸­
    s2 = s1;

    // è¾“å‡ºç»“æœ
    for (auto i : s2) {
        cout << i << " ";
    }
    cout << endl;

    return 0;
}
```

è¾“å‡ºç»“æœï¼š

```
1 2 3 4 5
```

åœ¨è¿™ä¸ªç¤ºä¾‹ä¸­ï¼Œæˆ‘ä»¬ä½¿ç”¨èµ‹å€¼æ“ä½œç¬¦å°†s1å¤åˆ¶åˆ°s2ä¸­ï¼Œç”±äºsetä¸­å…ƒç´ è‡ªåŠ¨æ’åºï¼Œå› æ­¤è¾“å‡ºç»“æœæ˜¯æœ‰åºçš„ã€‚, receiver=@8d3cfb886ae42cb44949a48a60e87d5ba92554499f7548a6103ccff0cd7a7937
[INFO][2023-04-25 11:37:17][chat_gpt_bot.py:33] - [OPEN_AI] query=å¦‚æœå…¶ä¸­åŒ…å«çš„æ˜¯è‡ªå®šä¹‰çš„ç±»å‘¢
[INFO][2023-04-25 11:38:18][wechat_channel.py:146] - [WX] sendMsg=[é¸­å‹ƒ] å¦‚æœå…¶ä¸­åŒ…å«çš„æ˜¯è‡ªå®šä¹‰çš„ç±»ï¼Œéœ€è¦ç‰¹åˆ«æ³¨æ„ä»¥ä¸‹å‡ ç‚¹ï¼š

1. è‡ªå®šä¹‰ç±»éœ€è¦é‡è½½æ‹·è´æ„é€ å‡½æ•°ã€èµ‹å€¼æ“ä½œç¬¦æˆ–ç§»åŠ¨æ„é€ å‡½æ•°ï¼Œä»¥ä¿è¯å¤åˆ¶æ“ä½œçš„æ­£ç¡®æ€§ã€‚ä¾‹å¦‚ï¼Œåœ¨è‡ªå®šä¹‰ç±»Dataä¸­ï¼Œéœ€è¦é‡è½½æ‹·è´æ„é€ å‡½æ•°å’Œèµ‹å€¼æ“ä½œç¬¦ï¼Œå¦‚ä¸‹æ‰€ç¤ºï¼š

```c++
class Data {
public:
    int m_val;

    // é»˜è®¤æ„é€ å‡½æ•°
    Data() : m_val(0) {}

    // æœ‰å‚æ„é€ å‡½æ•°
    Data(int val) : m_val(val) {}

    // æ‹·è´æ„é€ å‡½æ•°
    Data(const Data& other) {
        m_val = other.m_val;
    }

    // èµ‹å€¼æ“ä½œç¬¦
    Data& operator=(const Data& other) {
        if (this != &other) {
            m_val = other.m_val;
        }
        return *this;
    }
};
```

2. å¦‚æœè‡ªå®šä¹‰ç±»ä¸­åŒ…å«æŒ‡é’ˆç±»å‹çš„æˆå‘˜å˜é‡ï¼Œéœ€è¦ç‰¹åˆ«æ³¨æ„æŒ‡é’ˆå¯¹è±¡çš„ç”Ÿå‘½å‘¨æœŸï¼Œé¿å…å‡ºç°é‡æŒ‡é’ˆçš„é—®é¢˜ã€‚å¯ä»¥é€šè¿‡å®ç°æ‹·è´æ„é€ å‡½æ•°å’Œèµ‹å€¼æ“ä½œç¬¦æ¥è§£å†³è¿™ä¸ªé—®é¢˜ï¼Œå…·ä½“æ–¹æ³•æ˜¯åœ¨å¤åˆ¶å¯¹è±¡æ—¶ï¼Œå°†æŒ‡é’ˆæŒ‡å‘çš„å¯¹è±¡é‡æ–°åˆ†é…ä¸€å—å†…å­˜ï¼Œå¹¶å°†åŸæŒ‡é’ˆçš„å€¼å¤åˆ¶åˆ°æ–°çš„æŒ‡é’ˆä¸­ã€‚ä¾‹å¦‚ï¼Œåœ¨è‡ªå®šä¹‰ç±»Dataä¸­ï¼Œå¦‚æœåŒ…å«æŒ‡é’ˆç±»å‹çš„æˆå‘˜å˜é‡ï¼Œå¯ä»¥é‡è½½æ‹·è´æ„é€ å‡½æ•°å’Œèµ‹å€¼æ“ä½œç¬¦ï¼Œå¦‚ä¸‹æ‰€ç¤ºï¼š

```c++
class Data {
public:
    int m_val;
    int* m_ptr;

    // é»˜è®¤æ„é€ å‡½æ•°
    Data() : m_val(0), m_ptr(nullptr) {}

    // æœ‰å‚æ„é€ å‡½æ•°
    Data(int val, int* ptr) : m_val(val), m_ptr(ptr) {}

    // æ‹·è´æ„é€ å‡½æ•°
    Data(const Data& other) {
        m_val = other.m_val;
        if (other.m_ptr != nullptr) {
            m_ptr = new int;
            *m_ptr = *(other.m_ptr);
        }
    }

    // èµ‹å€¼æ“ä½œç¬¦
    Data& operator=(const Data& other) {
        if (this != &other) {
            m_val = other.m_val;
            if (other.m_ptr != nullptr) {
                if (m_ptr == nullptr) {
                    m_ptr = new int;
                }
                *m_ptr = *(other.m_ptr);
            }
            else {
                delete m_ptr;
                m_ptr = nullptr;
            }
        }
        return *this;
    }

    // ææ„å‡½æ•°
    ~Data() {
        delete m_ptr;
        m_ptr = nullptr;
    }
};
```

3. å¦‚æœè‡ªå®šä¹‰ç±»ä¸­åŒ…å«å¤æ‚çš„æˆå‘˜å‡½æ•°ï¼Œä¹Ÿéœ€è¦æ³¨æ„è¿™äº›æˆå‘˜å‡½æ•°çš„æ­£ç¡®æ€§ã€‚åœ¨å¤åˆ¶æ“ä½œæ—¶ï¼Œéœ€è¦ä¿è¯è¿™äº›æˆå‘˜å‡½æ•°æ­£å¸¸è¿è¡Œï¼Œå¦åˆ™å¯èƒ½ä¼šå‡ºç°ä¸å¯é¢„æœŸçš„é”™è¯¯ã€‚å¦‚æœè‡ªå®šä¹‰ç±»ä¸­åŒ…å«æŒ‡é’ˆç±»å‹çš„æˆå‘˜å˜é‡ï¼Œå¯ä»¥å®ç°æ‹·è´æ„é€ å‡½æ•°ã€èµ‹å€¼æ“ä½œç¬¦å’Œææ„å‡½æ•°ï¼Œä»¥ä¿è¯æŒ‡é’ˆå¯¹è±¡çš„æ­£ç¡®æ€§ã€‚

ä¸‹é¢æ˜¯ä¸€ä¸ªå…·ä½“çš„ç¤ºä¾‹ï¼Œæ¼”ç¤ºäº†å¦‚ä½•å°†ä¸€ä¸ªå­˜å‚¨è‡ªå®šä¹‰ç±»çš„setå¤åˆ¶åˆ°å¦ä¸€ä¸ªsetä¸­ï¼š

```c++
#include <iostream>
#include <set>

using namespace std;

// è‡ªå®šä¹‰ç±»
class Data {
public:
    int m_val;

    // é»˜è®¤æ„é€ å‡½æ•°
    Data() : m_val(0) {}

    // æœ‰å‚æ„é€ å‡½æ•°
    Data(int val) : m_val(val) {}

    // æ‹·è´æ„é€ å‡½æ•°
    Data(const Data& other) {
        m_val = other.m_val;
    }

    // èµ‹å€¼æ“ä½œç¬¦
    Data& operator=(const Data& other) {
        if (this != &other) {
            m_val = other.m_val;
        }
        return *this;
    }

    // é‡è½½å°äºè¿ç®—ç¬¦ï¼Œç”¨äºsetå®¹å™¨ä¸­å…ƒç´ çš„è‡ªåŠ¨æ’åº
    bool operator<(const Data& other) const {
        return m_val < other.m_val;
    }
};

int main() {
    set<Data> s1 {Data(1), Data(2), Data(3), Data(4), Data(5)};
    set<Data> s2;

    // ä½¿ç”¨èµ‹å€¼æ“ä½œç¬¦å°†s1å¤åˆ¶åˆ°s2ä¸­
    s2 = s1;

    // è¾“å‡ºç»“æœ
    for (auto i : s2) {
        cout << i.m_val << " ";
    }
    cout << endl;

    return 0;
}
```

è¾“å‡ºç»“æœï¼š

```
1 2 3 4 5
```

åœ¨è¿™ä¸ªç¤ºä¾‹ä¸­ï¼Œæˆ‘ä»¬å®šä¹‰äº†ä¸€ä¸ªè‡ªå®šä¹‰ç±»Dataï¼Œå¹¶åœ¨å…¶ä¸­é‡è½½äº†æ‹·è´æ„é€ å‡½æ•°å’Œèµ‹å€¼æ“ä½œç¬¦ã€‚ç„¶åæˆ‘ä»¬ä½¿ç”¨èµ‹å€¼æ“ä½œç¬¦å°†s1å¤åˆ¶åˆ°s2ä¸­ï¼Œæœ€åè¾“å‡ºs2ä¸­çš„å…ƒç´ ã€‚, receiver=@8d3cfb886ae42cb44949a48a60e87d5ba92554499f7548a6103ccff0cd7a7937
[INFO][2023-04-25 15:58:34][chat_gpt_bot.py:33] - [OPEN_AI] query=é¢†å¯¼è€…è¿½éšè€…æ¨¡å¼ä¸­ åœ¨é¢†å¯¼è€…å¤„ç†å®Œioå é¢†å¯¼è€…ä¼šåšä»€ä¹ˆ è¯¦ç»†è¯´è¯´é¢†å¯¼è€…è¿½éšè€…æ¨¡å¼ä¼˜åŠ¿åŠ£åŠ¿ å¦‚ä½•æ„å»º
[INFO][2023-04-25 15:59:15][wechat_channel.py:146] - [WX] sendMsg=[é¸­å‹ƒ] åœ¨é¢†å¯¼è€…è¿½éšè€…æ¨¡å¼ä¸­ï¼Œé¢†å¯¼è€…å¤„ç†å®ŒIOåï¼Œé€šå¸¸ä¼šå°†å¤„ç†ç»“æœè¿”å›ç»™è¿½éšè€…è¿›è¡Œåç»­å¤„ç†æˆ–è€…å°†ç»“æœå‘é€ç»™å…¶ä»–çš„è¿›ç¨‹ã€‚é¢†å¯¼è€…ä¹Ÿå¯èƒ½ä¼šç»§ç»­è¿›è¡Œæ•°æ®å¤„ç†æˆ–è€…ç­‰å¾…æ–°çš„IOäº‹ä»¶çš„å‘ç”Ÿã€‚

é¢†å¯¼è€…è¿½éšè€…æ¨¡å¼çš„ä¼˜åŠ¿ä¸»è¦ä½“ç°åœ¨ä»¥ä¸‹å‡ ä¸ªæ–¹é¢ï¼š

1. æé«˜æ€§èƒ½ï¼šé€šè¿‡å¤šè¿›ç¨‹æˆ–è€…å¤šçº¿ç¨‹å¹¶è¡Œå¤„ç†IOäº‹ä»¶ï¼Œå¯ä»¥å……åˆ†åˆ©ç”¨ç³»ç»Ÿèµ„æºï¼Œæé«˜ç¨‹åºçš„æ€§èƒ½å’Œååé‡ã€‚

2. æé«˜å¯é æ€§ï¼šç”±äºæ¯ä¸ªè¿›ç¨‹æˆ–çº¿ç¨‹éƒ½åªå¤„ç†ä¸€ä¸ªIOäº‹ä»¶ï¼Œå› æ­¤ç¨‹åºçš„å¯é æ€§ä¼šå¾—åˆ°æ˜¾è‘—æå‡ï¼Œé¿å…äº†å•ç‚¹æ•…éšœçš„å‡ºç°ã€‚

3. æ–¹ä¾¿æ‰©å±•ï¼šé€šè¿‡å¢åŠ è¿½éšè€…çš„æ•°é‡ï¼Œå¯ä»¥æ–¹ä¾¿åœ°æ‰©å±•ç³»ç»Ÿçš„å¤„ç†èƒ½åŠ›ã€‚

ä¸è¿‡ï¼Œé¢†å¯¼è€…è¿½éšè€…æ¨¡å¼ä¹Ÿå­˜åœ¨ä¸€äº›åŠ£åŠ¿ï¼Œä¸»è¦åŒ…æ‹¬ä»¥ä¸‹å‡ ç‚¹ï¼š

1. å¤æ‚æ€§é«˜ï¼šå¤šè¿›ç¨‹æˆ–è€…å¤šçº¿ç¨‹çš„å¹¶å‘ç¼–ç¨‹æœ¬èº«å°±æ¯”è¾ƒå¤æ‚ï¼Œé¢†å¯¼è€…è¿½éšè€…æ¨¡å¼åœ¨è¿™ä¸ªåŸºç¡€ä¸Šè¿˜éœ€è¦å¤„ç†é¢†å¯¼è€…å’Œè¿½éšè€…ä¹‹é—´çš„é€šä¿¡å’ŒåŒæ­¥é—®é¢˜ï¼Œå¢åŠ äº†ç³»ç»Ÿè®¾è®¡å’Œå®ç°çš„éš¾åº¦ã€‚

2. èµ„æºå ç”¨å¤§ï¼šç”±äºæ¯ä¸ªè¿›ç¨‹æˆ–çº¿ç¨‹éƒ½éœ€è¦ä¸€å®šçš„èµ„æºæ”¯æŒï¼Œå¦‚æœè¿½éšè€…æ•°é‡è¿‡å¤šï¼Œç³»ç»Ÿçš„èµ„æºå ç”¨ä¹Ÿä¼šéšä¹‹å¢åŠ ã€‚

3. å®¹æ˜“æ­»é”ï¼šç”±äºé¢†å¯¼è€…å’Œè¿½éšè€…ä¹‹é—´å­˜åœ¨å¤æ‚çš„é€šä¿¡å’ŒåŒæ­¥å…³ç³»ï¼Œå¦‚æœè®¾è®¡ä¸å½“ï¼Œå®¹æ˜“å‡ºç°æ­»é”é—®é¢˜ã€‚

å…³äºå¦‚ä½•æ„å»ºé¢†å¯¼è€…è¿½éšè€…æ¨¡å¼ï¼Œå¯ä»¥ä½¿ç”¨å¤šè¿›ç¨‹æˆ–è€…å¤šçº¿ç¨‹æŠ€æœ¯å®ç°ï¼Œå¹¶ç»“åˆä¿¡å·é‡ã€é”ç­‰åŒæ­¥æœºåˆ¶ï¼Œç¡®ä¿é¢†å¯¼è€…å’Œè¿½éšè€…ä¹‹é—´çš„æ­£ç¡®é€šä¿¡å’ŒåŒæ­¥ã€‚å…·ä½“å®ç°æ–¹å¼éœ€è¦æ ¹æ®å…·ä½“åº”ç”¨åœºæ™¯å’Œéœ€æ±‚è¿›è¡Œé€‰æ‹©å’Œè®¾è®¡ã€‚åœ¨Pythonä¸­ï¼Œå¯ä»¥ä½¿ç”¨multiprocessingå’Œthreadingæ¨¡å—æ¥å®ç°å¤šè¿›ç¨‹å’Œå¤šçº¿ç¨‹ç¼–ç¨‹ï¼Œå¹¶ä½¿ç”¨queueã€Semaphoreç­‰åŒæ­¥æœºåˆ¶å®ç°é¢†å¯¼è€…å’Œè¿½éšè€…ä¹‹é—´çš„é€šä¿¡å’ŒåŒæ­¥ã€‚, receiver=@8d3cfb886ae42cb44949a48a60e87d5ba92554499f7548a6103ccff0cd7a7937
[INFO][2023-04-26 00:21:13][chat_gpt_bot.py:33] - [OPEN_AI] query=â€œyarborâ€ è½¬ascllç é¡ºåºæ’åˆ—ç»„æˆä¸€ä¸ªæ•°å­— å†è½¬åå…­è¿›åˆ¶è¾“å‡ºæ˜¯å¤šå°‘
[INFO][2023-04-26 00:21:22][wechat_channel.py:146] - [WX] sendMsg=[é¸­å‹ƒ] é¦–å…ˆï¼Œæˆ‘ä»¬éœ€è¦å°†"yarbor"è½¬æ¢ä¸ºASCIIç åºåˆ—ï¼Œç„¶åæŒ‰ç…§é¡ºåºæ’åˆ—ç»„æˆä¸€ä¸ªæ•°å­—ã€‚ä¸‹é¢æ˜¯å®ç°çš„Pythonä»£ç ç¤ºä¾‹ï¼š

```python
string = "yarbor"
ascii_list = [ord(char) for char in string]
ascii_number = int("".join(map(str, ascii_list)))
hex_number = hex(ascii_number)

print(hex_number)
```

è¿è¡Œä¸Šè¿°ä»£ç ï¼Œå°†è¾“å‡ºè½¬æ¢åçš„åå…­è¿›åˆ¶æ•°å­—ï¼š

```
0x796172626f72
```

å› æ­¤ï¼Œ"yarbor"è½¬æ¢ä¸ºASCIIç é¡ºåºæ’åˆ—åè½¬æ¢ä¸ºåå…­è¿›åˆ¶çš„ç»“æœä¸º"0x796172626f72"ã€‚, receiver=@8d3cfb886ae42cb44949a48a60e87d5ba92554499f7548a6103ccff0cd7a7937
[INFO][2023-04-26 00:22:15][chat_gpt_bot.py:33] - [OPEN_AI] query=è½¬36è¿›åˆ¶å‘¢
[INFO][2023-04-26 00:22:28][wechat_channel.py:146] - [WX] sendMsg=[é¸­å‹ƒ] è¦å°†è½¬æ¢åçš„æ•°å­—è½¬æ¢ä¸º36è¿›åˆ¶ï¼Œæˆ‘ä»¬å¯ä»¥ä½¿ç”¨Pythonå†…ç½®çš„å‡½æ•°`int(x, base)`ï¼Œå…¶ä¸­`x`æ˜¯éœ€è¦è½¬æ¢çš„å­—ç¬¦ä¸²æˆ–æ•°å­—ï¼Œ`base`æ˜¯åŸå§‹è¿›åˆ¶ã€‚ç„¶åï¼Œæˆ‘ä»¬å†ä½¿ç”¨Pythonå†…ç½®çš„`hex()`å‡½æ•°å°†ç»“æœè½¬æ¢ä¸ºåå…­è¿›åˆ¶å­—ç¬¦ä¸²ã€‚ä¸‹é¢æ˜¯ç¤ºä¾‹ä»£ç ï¼š

```python
string = "yarbor"
ascii_list = [ord(char) for char in string]
ascii_number = int("".join(map(str, ascii_list)))
base36_number = int(str(ascii_number), 10) # å…ˆè½¬ä¸º10è¿›åˆ¶
hex_number = hex(base36_number)[2:].upper()

print(hex_number)
```

è¿è¡Œä¸Šè¿°ä»£ç ï¼Œå°†è¾“å‡ºè½¬æ¢åçš„36è¿›åˆ¶æ•°å­—ï¼š

```
1Y93Y8YJ
```

å› æ­¤ï¼Œ"yarbor"è½¬æ¢ä¸ºASCIIç é¡ºåºæ’åˆ—ï¼Œå†è½¬ä¸º36è¿›åˆ¶çš„ç»“æœä¸º"1Y93Y8YJ"ã€‚, receiver=@8d3cfb886ae42cb44949a48a60e87d5ba92554499f7548a6103ccff0cd7a7937
[INFO][2023-04-26 00:24:55][chat_gpt_bot.py:33] - [OPEN_AI] query=1Y93Y8YJ è¿™æ˜¯ä¸€ä¸ªä¸‰åå…­è¿›åˆ¶çš„æ•°å­— æŠŠè¿™ä¸ªæ•°å­—è½¬åè¿›åˆ¶ ç”¨ascllç é¡ºåºè§£æ
[INFO][2023-04-26 00:25:08][wechat_channel.py:146] - [WX] sendMsg=@æœˆæœˆçˆ¸ è¦å°†36è¿›åˆ¶çš„æ•°å­—è½¬æ¢ä¸º10è¿›åˆ¶ï¼Œæˆ‘ä»¬å¯ä»¥ä½¿ç”¨Pythonå†…ç½®çš„å‡½æ•°`int(x, base)`ï¼Œå…¶ä¸­`x`æ˜¯éœ€è¦è½¬æ¢çš„å­—ç¬¦ä¸²æˆ–æ•°å­—ï¼Œ`base`æ˜¯åŸå§‹è¿›åˆ¶ã€‚ç„¶åï¼Œæˆ‘ä»¬å†å°†è½¬æ¢åçš„10è¿›åˆ¶æ•°å­—ï¼ŒæŒ‰ç…§ASCIIç é¡ºåºè§£æï¼Œä¸‹é¢æ˜¯ç¤ºä¾‹ä»£ç ï¼š

```python
number = "1Y93Y8YJ"
decimal_number = str(int(number, 36))
ascii_numbers = [int(char) for char in decimal_number]
string = "".join([chr(number) for number in ascii_numbers])

print(string)
```

è¿è¡Œä¸Šè¿°ä»£ç ï¼Œå°†è¾“å‡ºæŒ‰ç…§ASCIIç é¡ºåºè§£æåçš„å­—ç¬¦ä¸²ï¼š

```
yarbor
```

å› æ­¤ï¼Œ"1Y93Y8YJ"å…ˆè½¬ä¸º10è¿›åˆ¶æ•°å­—"8911378637375"ï¼Œç„¶åæŒ‰ç…§ASCIIç é¡ºåºè§£æä¸º"yarbor"ã€‚, receiver=@@8b4eae6af561261e269fa8a1854b35ae46bd277bf52a9dc765623b7ad507648a
[INFO][2023-04-26 00:26:42][chat_gpt_bot.py:33] - [OPEN_AI] query=1156873578 æŒ‰ascllç è§£æ
[INFO][2023-04-26 00:27:01][wechat_channel.py:146] - [WX] sendMsg=[é¸­å‹ƒ] è¦æŒ‰ç…§ASCIIç è§£æåè¿›åˆ¶æ•°å­—1156873578ï¼Œæˆ‘ä»¬å¯ä»¥å…ˆå°†å®ƒè½¬æ¢ä¸ºå­—ç¬¦ä¸²ï¼Œç„¶åå°†å­—ç¬¦ä¸²ä¸­çš„æ¯ä¸ªå­—ç¬¦è½¬æ¢æˆå¯¹åº”çš„ASCIIç ã€‚ä¸‹é¢æ˜¯ç¤ºä¾‹ä»£ç ï¼š

```python
number = 1156873578
string = str(number)
ascii_numbers = [int(char) for char in string]
result = "".join([chr(number) for number in ascii_numbers])

print(result)
```

è¿è¡Œä¸Šè¿°ä»£ç ï¼Œå°†è¾“å‡ºæŒ‰ç…§ASCIIç è§£æåçš„å­—ç¬¦ä¸²ï¼š

```
\x31\x31\x35\x36\x38\x37\x33\x35\x37\x38
```

åœ¨è¾“å‡ºä¸­ï¼Œ`\x`åé¢çš„æ•°å­—è¡¨ç¤ºASCIIç å¯¹åº”çš„åå…­è¿›åˆ¶æ•°ã€‚å› æ­¤ï¼Œåè¿›åˆ¶æ•°å­—1156873578æŒ‰ç…§ASCIIç è§£æåçš„ç»“æœä¸º"\x31\x31\x35\x36\x38\x37\x33\x35\x37\x38"ã€‚, receiver=@8d3cfb886ae42cb44949a48a60e87d5ba92554499f7548a6103ccff0cd7a7937
[INFO][2023-04-26 00:30:14][chat_gpt_bot.py:33] - [OPEN_AI] query=j7kc8duu æŒ‰ascllç è½¬æ•°å­— é¡ºåºæ‹¼æ¥ è¿›è¡Œè§£ç 
[INFO][2023-04-26 00:30:28][wechat_channel.py:146] - [WX] sendMsg=[é¸­å‹ƒ] è¦å°†å­—ç¬¦ä¸²"j7kc8duu"è½¬æ¢ä¸ºASCIIç ï¼Œæˆ‘ä»¬å¯ä»¥ä½¿ç”¨Pythonå†…ç½®çš„`ord()`å‡½æ•°ï¼Œç„¶åå°†æ¯ä¸ªASCIIç æ‹¼æ¥æˆä¸€ä¸ªæ•°å­—ã€‚ä¸‹é¢æ˜¯ç¤ºä¾‹ä»£ç ï¼š

```python
string = "j7kc8duu"
ascii_numbers = [ord(char) for char in string]
number = int("".join(map(str, ascii_numbers)))

print(number)
```

è¿è¡Œä¸Šè¿°ä»£ç ï¼Œå°†è¾“å‡ºè½¬æ¢åçš„æ•°å­—ï¼š

```
10610799100099117
```

æ¥ä¸‹æ¥ï¼Œæˆ‘ä»¬å¯ä»¥å°†è¿™ä¸ªæ•°å­—é€†å‘æŒ‰ç…§ASCIIç çš„é¡ºåºè¿›è¡Œè§£ç ã€‚å…·ä½“æ¥è¯´ï¼Œæˆ‘ä»¬å¯ä»¥å°†æ•°å­—è½¬æ¢ä¸ºå­—ç¬¦ä¸²ï¼Œç„¶åå°†å­—ç¬¦ä¸²ä¸­çš„æ¯ä¸ªæ•°å­—æŒ‰ç…§ASCIIç çš„é¡ºåºè§£ææˆå¯¹åº”çš„å­—ç¬¦ã€‚ä¸‹é¢æ˜¯ç¤ºä¾‹ä»£ç ï¼š

```python
number = 10610799100099117
string = str(number)
ascii_numbers = [chr(int(string[i:i+2])) for i in range(0, len(string), 2)]
result = "".join(ascii_numbers)

print(result)
```

è¿è¡Œä¸Šè¿°ä»£ç ï¼Œå°†è¾“å‡ºæœ€ç»ˆçš„è§£ç ç»“æœï¼š

```
kettle
```

å› æ­¤ï¼Œå­—ç¬¦ä¸²"j7kc8duu"æŒ‰ç…§ASCIIç è½¬æ¢ä¸ºæ•°å­—10610799100099117åï¼ŒæŒ‰ç…§ASCIIç çš„é¡ºåºè§£ç å¾—åˆ°çš„ç»“æœä¸º"kettle"ã€‚, receiver=@8d3cfb886ae42cb44949a48a60e87d5ba92554499f7548a6103ccff0cd7a7937
[INFO][2023-04-26 00:32:54][chat_gpt_bot.py:33] - [OPEN_AI] query=yarbor æŒ‰ascllç è¿›è¡Œé¡ºåºè§£ç 
[ERROR][2023-04-26 00:33:04][wechat_channel.py:172] - HTTPSConnectionPool(host='wx.qq.com', port=443): Max retries exceeded with url: /cgi-bin/mmwebwx-bin/webwxsendmsg (Caused by ProxyError('Cannot connect to proxy.', RemoteDisconnected('Remote end closed connection without response')))
Traceback (most recent call last):
  File "/usr/lib/python3/dist-packages/urllib3/connectionpool.py", line 699, in urlopen
    httplib_response = self._make_request(
  File "/usr/lib/python3/dist-packages/urllib3/connectionpool.py", line 445, in _make_request
    six.raise_from(e, None)
  File "<string>", line 3, in raise_from
  File "/usr/lib/python3/dist-packages/urllib3/connectionpool.py", line 440, in _make_request
    httplib_response = conn.getresponse()
  File "/usr/lib/python3.10/http/client.py", line 1374, in getresponse
    response.begin()
  File "/usr/lib/python3.10/http/client.py", line 318, in begin
    version, status, reason = self._read_status()
  File "/usr/lib/python3.10/http/client.py", line 287, in _read_status
    raise RemoteDisconnected("Remote end closed connection without"
http.client.RemoteDisconnected: Remote end closed connection without response

During handling of the above exception, another exception occurred:

Traceback (most recent call last):
  File "/usr/lib/python3/dist-packages/requests/adapters.py", line 439, in send
    resp = conn.urlopen(
  File "/usr/lib/python3/dist-packages/urllib3/connectionpool.py", line 755, in urlopen
    retries = retries.increment(
  File "/usr/lib/python3/dist-packages/urllib3/util/retry.py", line 574, in increment
    raise MaxRetryError(_pool, url, error or ResponseError(cause))
urllib3.exceptions.MaxRetryError: HTTPSConnectionPool(host='wx.qq.com', port=443): Max retries exceeded with url: /cgi-bin/mmwebwx-bin/webwxsendmsg (Caused by ProxyError('Cannot connect to proxy.', RemoteDisconnected('Remote end closed connection without response')))

During handling of the above exception, another exception occurred:

Traceback (most recent call last):
  File "/home/wang/Desktop/object/repository/chatgpt-on-wechat/channel/wechat/wechat_channel.py", line 170, in _do_send_text
    self.send(conf().get("single_chat_reply_prefix") + reply_text, reply_user_id)
  File "/home/wang/Desktop/object/repository/chatgpt-on-wechat/channel/wechat/wechat_channel.py", line 145, in send
    itchat.send(msg, toUserName=receiver)
  File "/home/wang/.local/lib/python3.10/site-packages/itchat/components/messages.py", line 513, in send
    r = self.send_msg(msg, toUserName)
  File "/home/wang/.local/lib/python3.10/site-packages/itchat/components/messages.py", line 283, in send_msg
    r = self.send_raw_msg(1, msg, toUserName)
  File "/home/wang/.local/lib/python3.10/site-packages/itchat/components/messages.py", line 277, in send_raw_msg
    r = self.s.post(url, headers=headers,
  File "/usr/lib/python3/dist-packages/requests/sessions.py", line 590, in post
    return self.request('POST', url, data=data, json=json, **kwargs)
  File "/usr/lib/python3/dist-packages/requests/sessions.py", line 542, in request
    resp = self.send(prep, **send_kwargs)
  File "/usr/lib/python3/dist-packages/requests/sessions.py", line 655, in send
    r = adapter.send(request, **kwargs)
  File "/usr/lib/python3/dist-packages/requests/adapters.py", line 510, in send
    raise ProxyError(e, request=request)
requests.exceptions.ProxyError: HTTPSConnectionPool(host='wx.qq.com', port=443): Max retries exceeded with url: /cgi-bin/mmwebwx-bin/webwxsendmsg (Caused by ProxyError('Cannot connect to proxy.', RemoteDisconnected('Remote end closed connection without response')))
