[INFO][2023-04-24 23:05:02][config.py:19] - [INIT] load config: {'open_ai_api_key': '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', 'model': 'gpt-3.5-turbo', 'proxy': '10.30.0.170:47890', 'single_chat_prefix': ['/', '//'], 'single_chat_reply_prefix': '[鸭勃] ', 'group_chat_prefix': ['/'], 'group_name_white_list': ['ALL_GROUP'], 'image_create_prefix': ['sdfsafsdfasdfsdfasdf'], 'speech_recognition': True, 'voice_reply_voice': False, 'conversation_max_tokens': 1024, 'expires_in_seconds': 3600, 'character_desc': '你是ChatGPT, 一个由OpenAI训练的大型语言模型, 你旨在回答并解决人们的任何问题，使用中文与人交流。在遇到编程问题时会给出具体的demo'}
█                                                  ██████████████████████████████████████████████████████████████████████████████
██              ████      ██    ██████  ██    ████  ██  ██████              ██
██  ██████████  ████  ████      ████████  ████  ████  ████████  ██████████  ██
██  ██      ██  ██        ████      ██  ██      ████  ██    ██  ██      ██  ██
██  ██      ██  ██  ██    ████    ██  ██    ██  ████        ██  ██      ██  ██
██  ██      ██  ████  ████  ██████  ██  ████      ██    ██████  ██      ██  ██
██  ██████████  ██████    ██  ██  ██  ██    ████  ████  ██████  ██████████  ██
██              ██  ██  ██  ██  ██  ██  ██  ██  ██  ██  ██  ██              ██
████████████████████  ████████      ██████    ████    ██    ██████████████████
████████    ██    ██    ██████  ████████████████  ██████████████████    ██████
████  ████    ██      ██████████      ████      ██    ██    ██      ████  ████
████  ██  ████  ██    ██    ██    ██    ████          ██        ██  ██  ██  ██
████    ██    ██  ████    ██  ██  ████    ██  ████  ██  ██      ██████  ██  ██
██  ██      ██        ██  ██████████████    ████  ██████    ██    ██  ██    ██
██████████    ██    ████      ██            ██    ████        ████  ██  ██████
████████    ██    ██████  ████  ██████████    ██████  ██  ██    ██          ██
██  ██        ████  ██  ██  ████  ██    ██  ██  ████████  ██  ████        ████
██████    ██            ████      ████  ██        ██  ████  ██    ████  ██  ██
██        ██  ██████    ██████    ██████████████      ██  ██  ██  ██████  ████
██      ██  ██    ██  ████        ██          ████  ████  ██████  ████  ██  ██
████  ██  ██████  ██  ██████  ██  ██      ██    ██    ██████  ██████  ████████
██  ████  ██            ████        ██████  ██          ██      ██    ████████
██    ██████████  ██        ████    ████  ████████    ██    ████    ██  ██████
██      ██  ██  ████  ██  ██████  ██████████  ████  ████  ██  ████  ██████  ██
██  ██        ██      ██  ██  ██    ██████  ████    ██      ████  ████      ██
██████    ██    ██████████    ████████  ██  ████████    ██      ████  ████████
██  ██    ████████  ██    ██████      ██        ██  ██  ██  ████          ████
██    ██████      ██  ██████  ██    ██      ██  ████      ████  ██  ██      ██
██  ████    ████████  ████  ██████  ██  ████    ██  ██  ████  ████      ██████
██  ████  ████            ████      ██      ██        ████          ██████████
██████████████████  ██      ████  ██████████  ██████  ████  ██████        ████
██              ██  ████    ██    ██    ████████    ██████  ██  ██      ██  ██
██  ██████████  ████████████    ██████  ████  ██        ██  ██████    ██  ████
██  ██      ██  ██  ██  ████    ██      ██  ██████  ████            ████  ████
██  ██      ██  ██  ██  ████  ██████  ████    ██████        ██  ████  ████████
██  ██      ██  ████  ██████  ████    ██████  ████  ██  ██  ████            ██
██  ██████████  ██████  ██████  ██████  ████  ████████  ██████  ██  ██      ██
██              ████  ██    ██  ██    ██  ████  ██  ██████  ██  ████  ████  ██
██████████████████████████████████████████████████████████████████████████████
[H[2J[3J[INFO][2023-04-25 11:33:16][chat_gpt_bot.py:33] - [OPEN_AI] query=在吗
[INFO][2023-04-25 11:33:19][wechat_channel.py:146] - [WX] sendMsg=[鸭勃] 是的，我在。有什么我可以帮助您的问题吗？, receiver=@8d3cfb886ae42cb44949a48a60e87d5ba92554499f7548a6103ccff0cd7a7937
[INFO][2023-04-25 11:35:17][chat_gpt_bot.py:33] - [OPEN_AI] query=在使用stl容器时 例如set<data> 如果进行 容器之间的复制操作 要注意什么
[INFO][2023-04-25 11:35:45][wechat_channel.py:146] - [WX] sendMsg=[鸭勃] 在进行STL容器之间的复制操作时，需要注意以下几点：

1. 容器类型和元素类型必须相同，否则无法进行复制操作。比如，set<Data> 不能直接赋值给 vector<Data>。

2. 如果容器中存储的是指针类型，需要注意复制后指针所指向的地址是否会被多个容器共享，如果会被共享，就要保证共享的容器的生命周期不能早于指针对象的生命周期，否则就会出现野指针问题。

3. 对于复杂类型，包含自定义的构造函数、析构函数、拷贝构造函数等函数，需要重载这些函数，以保证复制时的正确性。

4. 在进行容器复制操作时，需要注意目标容器的大小是否足够容纳源容器中的所有元素，否则会导致内存泄漏或崩溃。

下面是一个具体的示例，演示了如何将一个set复制到另一个set中：

```c++
#include <iostream>
#include <set>

using namespace std;

int main() {
    set<int> s1 {1, 2, 3, 4, 5};
    set<int> s2;

    // 使用赋值操作符将s1复制到s2中
    s2 = s1;

    // 输出结果
    for (auto i : s2) {
        cout << i << " ";
    }
    cout << endl;

    return 0;
}
```

输出结果：

```
1 2 3 4 5
```

在这个示例中，我们使用赋值操作符将s1复制到s2中，由于set中元素自动排序，因此输出结果是有序的。, receiver=@8d3cfb886ae42cb44949a48a60e87d5ba92554499f7548a6103ccff0cd7a7937
[INFO][2023-04-25 11:37:17][chat_gpt_bot.py:33] - [OPEN_AI] query=如果其中包含的是自定义的类呢
[INFO][2023-04-25 11:38:18][wechat_channel.py:146] - [WX] sendMsg=[鸭勃] 如果其中包含的是自定义的类，需要特别注意以下几点：

1. 自定义类需要重载拷贝构造函数、赋值操作符或移动构造函数，以保证复制操作的正确性。例如，在自定义类Data中，需要重载拷贝构造函数和赋值操作符，如下所示：

```c++
class Data {
public:
    int m_val;

    // 默认构造函数
    Data() : m_val(0) {}

    // 有参构造函数
    Data(int val) : m_val(val) {}

    // 拷贝构造函数
    Data(const Data& other) {
        m_val = other.m_val;
    }

    // 赋值操作符
    Data& operator=(const Data& other) {
        if (this != &other) {
            m_val = other.m_val;
        }
        return *this;
    }
};
```

2. 如果自定义类中包含指针类型的成员变量，需要特别注意指针对象的生命周期，避免出现野指针的问题。可以通过实现拷贝构造函数和赋值操作符来解决这个问题，具体方法是在复制对象时，将指针指向的对象重新分配一块内存，并将原指针的值复制到新的指针中。例如，在自定义类Data中，如果包含指针类型的成员变量，可以重载拷贝构造函数和赋值操作符，如下所示：

```c++
class Data {
public:
    int m_val;
    int* m_ptr;

    // 默认构造函数
    Data() : m_val(0), m_ptr(nullptr) {}

    // 有参构造函数
    Data(int val, int* ptr) : m_val(val), m_ptr(ptr) {}

    // 拷贝构造函数
    Data(const Data& other) {
        m_val = other.m_val;
        if (other.m_ptr != nullptr) {
            m_ptr = new int;
            *m_ptr = *(other.m_ptr);
        }
    }

    // 赋值操作符
    Data& operator=(const Data& other) {
        if (this != &other) {
            m_val = other.m_val;
            if (other.m_ptr != nullptr) {
                if (m_ptr == nullptr) {
                    m_ptr = new int;
                }
                *m_ptr = *(other.m_ptr);
            }
            else {
                delete m_ptr;
                m_ptr = nullptr;
            }
        }
        return *this;
    }

    // 析构函数
    ~Data() {
        delete m_ptr;
        m_ptr = nullptr;
    }
};
```

3. 如果自定义类中包含复杂的成员函数，也需要注意这些成员函数的正确性。在复制操作时，需要保证这些成员函数正常运行，否则可能会出现不可预期的错误。如果自定义类中包含指针类型的成员变量，可以实现拷贝构造函数、赋值操作符和析构函数，以保证指针对象的正确性。

下面是一个具体的示例，演示了如何将一个存储自定义类的set复制到另一个set中：

```c++
#include <iostream>
#include <set>

using namespace std;

// 自定义类
class Data {
public:
    int m_val;

    // 默认构造函数
    Data() : m_val(0) {}

    // 有参构造函数
    Data(int val) : m_val(val) {}

    // 拷贝构造函数
    Data(const Data& other) {
        m_val = other.m_val;
    }

    // 赋值操作符
    Data& operator=(const Data& other) {
        if (this != &other) {
            m_val = other.m_val;
        }
        return *this;
    }

    // 重载小于运算符，用于set容器中元素的自动排序
    bool operator<(const Data& other) const {
        return m_val < other.m_val;
    }
};

int main() {
    set<Data> s1 {Data(1), Data(2), Data(3), Data(4), Data(5)};
    set<Data> s2;

    // 使用赋值操作符将s1复制到s2中
    s2 = s1;

    // 输出结果
    for (auto i : s2) {
        cout << i.m_val << " ";
    }
    cout << endl;

    return 0;
}
```

输出结果：

```
1 2 3 4 5
```

在这个示例中，我们定义了一个自定义类Data，并在其中重载了拷贝构造函数和赋值操作符。然后我们使用赋值操作符将s1复制到s2中，最后输出s2中的元素。, receiver=@8d3cfb886ae42cb44949a48a60e87d5ba92554499f7548a6103ccff0cd7a7937
[INFO][2023-04-25 15:58:34][chat_gpt_bot.py:33] - [OPEN_AI] query=领导者追随者模式中 在领导者处理完io后 领导者会做什么 详细说说领导者追随者模式优势劣势 如何构建
[INFO][2023-04-25 15:59:15][wechat_channel.py:146] - [WX] sendMsg=[鸭勃] 在领导者追随者模式中，领导者处理完IO后，通常会将处理结果返回给追随者进行后续处理或者将结果发送给其他的进程。领导者也可能会继续进行数据处理或者等待新的IO事件的发生。

领导者追随者模式的优势主要体现在以下几个方面：

1. 提高性能：通过多进程或者多线程并行处理IO事件，可以充分利用系统资源，提高程序的性能和吞吐量。

2. 提高可靠性：由于每个进程或线程都只处理一个IO事件，因此程序的可靠性会得到显著提升，避免了单点故障的出现。

3. 方便扩展：通过增加追随者的数量，可以方便地扩展系统的处理能力。

不过，领导者追随者模式也存在一些劣势，主要包括以下几点：

1. 复杂性高：多进程或者多线程的并发编程本身就比较复杂，领导者追随者模式在这个基础上还需要处理领导者和追随者之间的通信和同步问题，增加了系统设计和实现的难度。

2. 资源占用大：由于每个进程或线程都需要一定的资源支持，如果追随者数量过多，系统的资源占用也会随之增加。

3. 容易死锁：由于领导者和追随者之间存在复杂的通信和同步关系，如果设计不当，容易出现死锁问题。

关于如何构建领导者追随者模式，可以使用多进程或者多线程技术实现，并结合信号量、锁等同步机制，确保领导者和追随者之间的正确通信和同步。具体实现方式需要根据具体应用场景和需求进行选择和设计。在Python中，可以使用multiprocessing和threading模块来实现多进程和多线程编程，并使用queue、Semaphore等同步机制实现领导者和追随者之间的通信和同步。, receiver=@8d3cfb886ae42cb44949a48a60e87d5ba92554499f7548a6103ccff0cd7a7937
[INFO][2023-04-26 00:21:13][chat_gpt_bot.py:33] - [OPEN_AI] query=“yarbor” 转ascll码顺序排列组成一个数字 再转十六进制输出是多少
[INFO][2023-04-26 00:21:22][wechat_channel.py:146] - [WX] sendMsg=[鸭勃] 首先，我们需要将"yarbor"转换为ASCII码序列，然后按照顺序排列组成一个数字。下面是实现的Python代码示例：

```python
string = "yarbor"
ascii_list = [ord(char) for char in string]
ascii_number = int("".join(map(str, ascii_list)))
hex_number = hex(ascii_number)

print(hex_number)
```

运行上述代码，将输出转换后的十六进制数字：

```
0x796172626f72
```

因此，"yarbor"转换为ASCII码顺序排列后转换为十六进制的结果为"0x796172626f72"。, receiver=@8d3cfb886ae42cb44949a48a60e87d5ba92554499f7548a6103ccff0cd7a7937
[INFO][2023-04-26 00:22:15][chat_gpt_bot.py:33] - [OPEN_AI] query=转36进制呢
[INFO][2023-04-26 00:22:28][wechat_channel.py:146] - [WX] sendMsg=[鸭勃] 要将转换后的数字转换为36进制，我们可以使用Python内置的函数`int(x, base)`，其中`x`是需要转换的字符串或数字，`base`是原始进制。然后，我们再使用Python内置的`hex()`函数将结果转换为十六进制字符串。下面是示例代码：

```python
string = "yarbor"
ascii_list = [ord(char) for char in string]
ascii_number = int("".join(map(str, ascii_list)))
base36_number = int(str(ascii_number), 10) # 先转为10进制
hex_number = hex(base36_number)[2:].upper()

print(hex_number)
```

运行上述代码，将输出转换后的36进制数字：

```
1Y93Y8YJ
```

因此，"yarbor"转换为ASCII码顺序排列，再转为36进制的结果为"1Y93Y8YJ"。, receiver=@8d3cfb886ae42cb44949a48a60e87d5ba92554499f7548a6103ccff0cd7a7937
[INFO][2023-04-26 00:24:55][chat_gpt_bot.py:33] - [OPEN_AI] query=1Y93Y8YJ 这是一个三十六进制的数字 把这个数字转十进制 用ascll码顺序解析
[INFO][2023-04-26 00:25:08][wechat_channel.py:146] - [WX] sendMsg=@月月爸 要将36进制的数字转换为10进制，我们可以使用Python内置的函数`int(x, base)`，其中`x`是需要转换的字符串或数字，`base`是原始进制。然后，我们再将转换后的10进制数字，按照ASCII码顺序解析，下面是示例代码：

```python
number = "1Y93Y8YJ"
decimal_number = str(int(number, 36))
ascii_numbers = [int(char) for char in decimal_number]
string = "".join([chr(number) for number in ascii_numbers])

print(string)
```

运行上述代码，将输出按照ASCII码顺序解析后的字符串：

```
yarbor
```

因此，"1Y93Y8YJ"先转为10进制数字"8911378637375"，然后按照ASCII码顺序解析为"yarbor"。, receiver=@@8b4eae6af561261e269fa8a1854b35ae46bd277bf52a9dc765623b7ad507648a
[INFO][2023-04-26 00:26:42][chat_gpt_bot.py:33] - [OPEN_AI] query=1156873578 按ascll码解析
[INFO][2023-04-26 00:27:01][wechat_channel.py:146] - [WX] sendMsg=[鸭勃] 要按照ASCII码解析十进制数字1156873578，我们可以先将它转换为字符串，然后将字符串中的每个字符转换成对应的ASCII码。下面是示例代码：

```python
number = 1156873578
string = str(number)
ascii_numbers = [int(char) for char in string]
result = "".join([chr(number) for number in ascii_numbers])

print(result)
```

运行上述代码，将输出按照ASCII码解析后的字符串：

```
\x31\x31\x35\x36\x38\x37\x33\x35\x37\x38
```

在输出中，`\x`后面的数字表示ASCII码对应的十六进制数。因此，十进制数字1156873578按照ASCII码解析后的结果为"\x31\x31\x35\x36\x38\x37\x33\x35\x37\x38"。, receiver=@8d3cfb886ae42cb44949a48a60e87d5ba92554499f7548a6103ccff0cd7a7937
[INFO][2023-04-26 00:30:14][chat_gpt_bot.py:33] - [OPEN_AI] query=j7kc8duu 按ascll码转数字 顺序拼接 进行解码
[INFO][2023-04-26 00:30:28][wechat_channel.py:146] - [WX] sendMsg=[鸭勃] 要将字符串"j7kc8duu"转换为ASCII码，我们可以使用Python内置的`ord()`函数，然后将每个ASCII码拼接成一个数字。下面是示例代码：

```python
string = "j7kc8duu"
ascii_numbers = [ord(char) for char in string]
number = int("".join(map(str, ascii_numbers)))

print(number)
```

运行上述代码，将输出转换后的数字：

```
10610799100099117
```

接下来，我们可以将这个数字逆向按照ASCII码的顺序进行解码。具体来说，我们可以将数字转换为字符串，然后将字符串中的每个数字按照ASCII码的顺序解析成对应的字符。下面是示例代码：

```python
number = 10610799100099117
string = str(number)
ascii_numbers = [chr(int(string[i:i+2])) for i in range(0, len(string), 2)]
result = "".join(ascii_numbers)

print(result)
```

运行上述代码，将输出最终的解码结果：

```
kettle
```

因此，字符串"j7kc8duu"按照ASCII码转换为数字10610799100099117后，按照ASCII码的顺序解码得到的结果为"kettle"。, receiver=@8d3cfb886ae42cb44949a48a60e87d5ba92554499f7548a6103ccff0cd7a7937
[INFO][2023-04-26 00:32:54][chat_gpt_bot.py:33] - [OPEN_AI] query=yarbor 按ascll码进行顺序解码
[ERROR][2023-04-26 00:33:04][wechat_channel.py:172] - HTTPSConnectionPool(host='wx.qq.com', port=443): Max retries exceeded with url: /cgi-bin/mmwebwx-bin/webwxsendmsg (Caused by ProxyError('Cannot connect to proxy.', RemoteDisconnected('Remote end closed connection without response')))
Traceback (most recent call last):
  File "/usr/lib/python3/dist-packages/urllib3/connectionpool.py", line 699, in urlopen
    httplib_response = self._make_request(
  File "/usr/lib/python3/dist-packages/urllib3/connectionpool.py", line 445, in _make_request
    six.raise_from(e, None)
  File "<string>", line 3, in raise_from
  File "/usr/lib/python3/dist-packages/urllib3/connectionpool.py", line 440, in _make_request
    httplib_response = conn.getresponse()
  File "/usr/lib/python3.10/http/client.py", line 1374, in getresponse
    response.begin()
  File "/usr/lib/python3.10/http/client.py", line 318, in begin
    version, status, reason = self._read_status()
  File "/usr/lib/python3.10/http/client.py", line 287, in _read_status
    raise RemoteDisconnected("Remote end closed connection without"
http.client.RemoteDisconnected: Remote end closed connection without response

During handling of the above exception, another exception occurred:

Traceback (most recent call last):
  File "/usr/lib/python3/dist-packages/requests/adapters.py", line 439, in send
    resp = conn.urlopen(
  File "/usr/lib/python3/dist-packages/urllib3/connectionpool.py", line 755, in urlopen
    retries = retries.increment(
  File "/usr/lib/python3/dist-packages/urllib3/util/retry.py", line 574, in increment
    raise MaxRetryError(_pool, url, error or ResponseError(cause))
urllib3.exceptions.MaxRetryError: HTTPSConnectionPool(host='wx.qq.com', port=443): Max retries exceeded with url: /cgi-bin/mmwebwx-bin/webwxsendmsg (Caused by ProxyError('Cannot connect to proxy.', RemoteDisconnected('Remote end closed connection without response')))

During handling of the above exception, another exception occurred:

Traceback (most recent call last):
  File "/home/wang/Desktop/object/repository/chatgpt-on-wechat/channel/wechat/wechat_channel.py", line 170, in _do_send_text
    self.send(conf().get("single_chat_reply_prefix") + reply_text, reply_user_id)
  File "/home/wang/Desktop/object/repository/chatgpt-on-wechat/channel/wechat/wechat_channel.py", line 145, in send
    itchat.send(msg, toUserName=receiver)
  File "/home/wang/.local/lib/python3.10/site-packages/itchat/components/messages.py", line 513, in send
    r = self.send_msg(msg, toUserName)
  File "/home/wang/.local/lib/python3.10/site-packages/itchat/components/messages.py", line 283, in send_msg
    r = self.send_raw_msg(1, msg, toUserName)
  File "/home/wang/.local/lib/python3.10/site-packages/itchat/components/messages.py", line 277, in send_raw_msg
    r = self.s.post(url, headers=headers,
  File "/usr/lib/python3/dist-packages/requests/sessions.py", line 590, in post
    return self.request('POST', url, data=data, json=json, **kwargs)
  File "/usr/lib/python3/dist-packages/requests/sessions.py", line 542, in request
    resp = self.send(prep, **send_kwargs)
  File "/usr/lib/python3/dist-packages/requests/sessions.py", line 655, in send
    r = adapter.send(request, **kwargs)
  File "/usr/lib/python3/dist-packages/requests/adapters.py", line 510, in send
    raise ProxyError(e, request=request)
requests.exceptions.ProxyError: HTTPSConnectionPool(host='wx.qq.com', port=443): Max retries exceeded with url: /cgi-bin/mmwebwx-bin/webwxsendmsg (Caused by ProxyError('Cannot connect to proxy.', RemoteDisconnected('Remote end closed connection without response')))
